RobotSensorSample/build/intermediates/manifest_merge_blame_file/debug/manifest-merger-blame-debug-report.txt
1<?xml version="1.0" encoding="utf-8"?>
2<manifest xmlns:android="http://schemas.android.com/apk/res/android"
3    package="com.asus.robotsensorsample"
4    android:versionCode="1"
5    android:versionName="1.0" >
6
7    <uses-sdk
8        android:minSdkVersion="23"
8-->src\main\AndroidManifest.xml
9        android:targetSdkVersion="26" />
9-->src\main\AndroidManifest.xml
10
11    <application
11-->src\main\AndroidManifest.xml:5:5-23:19
12        android:allowBackup="true"
12-->src\main\AndroidManifest.xml:6:9-35
13        android:debuggable="true"
14        android:icon="@mipmap/ic_launcher"
14-->src\main\AndroidManifest.xml:7:9-43
15        android:label="@string/app_name"
15-->src\main\AndroidManifest.xml:8:9-41
16        android:supportsRtl="true"
16-->src\main\AndroidManifest.xml:9:9-35
17        android:theme="@style/RobotDevToolTheme" >
17-->src\main\AndroidManifest.xml:10:9-49
18        <activity android:name="com.carey.robotsensorsample.MainActivity" >
18-->src\main\AndroidManifest.xml:12:9-22:20
18-->src\main\AndroidManifest.xml:12:19-74
19            <intent-filter>
19-->src\main\AndroidManifest.xml:13:13-21:29
20                <action android:name="android.intent.action.MAIN" />
20-->src\main\AndroidManifest.xml:14:17-69
20-->src\main\AndroidManifest.xml:14:25-66
21
22                <category android:name="com.asus.intent.category.ZENBO" />
22-->src\main\AndroidManifest.xml:15:17-75
22-->src\main\AndroidManifest.xml:15:27-72
23                <category android:name="com.asus.intent.category.ZENBO_LAUNCHER" />
23-->src\main\AndroidManifest.xml:16:17-84
23-->src\main\AndroidManifest.xml:16:27-81
24
25                <!-- please comment out the following line when you want to launch to Zenbo App Store -->
26                <!-- See Zenbo Developer Web: Zenbo-SDK-Getting-Started: Important notes on Zenbo APP developing -->
27                <category android:name="android.intent.category.LAUNCHER" />
27-->src\main\AndroidManifest.xml:20:17-77
27-->src\main\AndroidManifest.xml:20:27-74
28            </intent-filter>
29        </activity>
30
31        <meta-data
31-->[com.android.support:appcompat-v7:26.1.0] AndroidManifest.xml:26:9-28:38
32            android:name="android.support.VERSION"
32-->[com.android.support:appcompat-v7:26.1.0] AndroidManifest.xml:27:13-51
33            android:value="26.1.0" />
33-->[com.android.support:appcompat-v7:26.1.0] AndroidManifest.xml:28:13-35
34        <meta-data
34-->[android.arch.lifecycle:runtime:1.0.0] AndroidManifest.xml:25:9-27:47
35            android:name="android.arch.lifecycle.VERSION"
35-->[android.arch.lifecycle:runtime:1.0.0] AndroidManifest.xml:26:13-58
36            android:value="27.0.0-SNAPSHOT" />
36-->[android.arch.lifecycle:runtime:1.0.0] AndroidManifest.xml:27:13-44
37    </application>
38
39</manifest>